<?xml version="1.0" encoding="UTF-8"?>
<!-- Generated by org.testng.reporters.JUnitReportReporter -->
<testsuite hostname="INBENKARSELVAN1" failures="0" tests="2" name="com.automation.tests.Test_Loan" time="41.805" errors="0" timestamp="2022-05-27T12:46:28 IST" skipped="0">
  <testcase classname="com.automation.tests.Test_Loan" name="Test_EducationLoanCalculation_1" time="21.146"/>
  <system-out>
    <![CDATA[im in first test
{emi=0, InterestChargesPayment=0, TotalPayment=39,79,656.52}]]>
  </system-out>
  <testcase classname="com.automation.tests.Test_Loan" name="Test_EducationLoanCalculation_2" time="20.659"/>
  <system-out>
    <![CDATA[im in second
{emi=33,163.8, InterestChargesPayment=29,79,656.52, TotalPayment=39,79,656.52}]]>
  </system-out>
</testsuite> <!-- com.automation.tests.Test_Loan -->
