<?xml version="1.0" encoding="UTF-8"?>
<!-- Generated by org.testng.reporters.JUnitReportReporter -->
<testsuite hostname="INBENKARSELVAN1" failures="0" tests="2" name="com.automation.tests.Test_Loan2" time="65.274" errors="0" timestamp="2022-05-27T12:46:28 IST" skipped="0">
  <testcase classname="com.automation.tests.Test_Loan2" name="Test_EducationLoanCalculation_3" time="24.831"/>
  <system-out>
    <![CDATA[im in first test
{emi=28,312.84, InterestChargesPayment=23,97,540.75, TotalPayment=33,97,540.75}]]>
  </system-out>
  <testcase classname="com.automation.tests.Test_Loan2" name="Test_EducationLoanCalculation_4" time="40.443"/>
  <system-out>
    <![CDATA[im in second
{emi=28,312.84, InterestChargesPayment=23,97,540.75, TotalPayment=33,97,540.75}]]>
  </system-out>
</testsuite> <!-- com.automation.tests.Test_Loan2 -->
